[debug] [2023-04-08T10:38:48.758Z] ----------------------------------------------------------------------
[debug] [2023-04-08T10:38:48.761Z] Command:       C:\Program Files\nodejs\node.exe C:\Users\1\AppData\Roaming\npm\node_modules\firebase-tools\lib\bin\firebase.js init hosting
[debug] [2023-04-08T10:38:48.762Z] CLI Version:   11.25.3
[debug] [2023-04-08T10:38:48.762Z] Platform:      win32
[debug] [2023-04-08T10:38:48.762Z] Node Version:  v16.13.2
[debug] [2023-04-08T10:38:48.764Z] Time:          Sat Apr 08 2023 12:38:48 GMT+0200 (Central European Summer Time)
[debug] [2023-04-08T10:38:48.764Z] ----------------------------------------------------------------------
[debug] 
[debug] [2023-04-08T10:38:48.770Z] >>> [apiv2][query] GET https://firebase-public.firebaseio.com/cli.json [none]
[debug] [2023-04-08T10:38:48.802Z] > command requires scopes: ["email","openid","https://www.googleapis.com/auth/cloudplatformprojects.readonly","https://www.googleapis.com/auth/firebase","https://www.googleapis.com/auth/cloud-platform"]
[debug] [2023-04-08T10:38:48.804Z] > authorizing via signed-in user (vadymkiiashko@gmail.com)
[info] 
     ######## #### ########  ######## ########     ###     ######  ########
     ##        ##  ##     ## ##       ##     ##  ##   ##  ##       ##
     ######    ##  ########  ######   ########  #########  ######  ######
     ##        ##  ##    ##  ##       ##     ## ##     ##       ## ##
     ##       #### ##     ## ######## ########  ##     ##  ######  ########

You're about to initialize a Firebase project in this directory:

  C:\Users\1\Documents\VS\angular\customerGrid

[debug] [2023-04-08T10:38:49.226Z] <<< [apiv2][status] GET https://firebase-public.firebaseio.com/cli.json 200
[debug] [2023-04-08T10:38:49.226Z] <<< [apiv2][body] GET https://firebase-public.firebaseio.com/cli.json {"cloudBuildErrorAfter":1594252800000,"cloudBuildWarnAfter":1590019200000,"defaultNode10After":1594252800000,"minVersion":"3.0.5","node8DeploysDisabledAfter":1613390400000,"node8RuntimeDisabledAfter":1615809600000,"node8WarnAfter":1600128000000}
[info] 
=== Project Setup
[info] 
[info] First, let's associate this project directory with a Firebase project.
[info] You can create multiple project aliases by running firebase use --add, 
[info] but for now we'll just set up a default project.
[info] 
[info] i  If you want to create a project in a Google Cloud organization or folder, please use "firebase projects:create" instead, and return to this command when you've created the project. 
[debug] [2023-04-08T10:39:15.891Z] > refreshing access token with scopes: []
[debug] [2023-04-08T10:39:15.893Z] >>> [apiv2][query] POST https://www.googleapis.com/oauth2/v3/token [none]
[debug] [2023-04-08T10:39:15.894Z] >>> [apiv2][body] POST https://www.googleapis.com/oauth2/v3/token [omitted]
[debug] [2023-04-08T10:39:16.205Z] <<< [apiv2][status] POST https://www.googleapis.com/oauth2/v3/token 200
[debug] [2023-04-08T10:39:16.206Z] <<< [apiv2][body] POST https://www.googleapis.com/oauth2/v3/token [omitted]
[debug] [2023-04-08T10:39:16.230Z] >>> [apiv2][query] POST https://cloudresourcemanager.googleapis.com/v1/projects [none]
[debug] [2023-04-08T10:39:16.230Z] >>> [apiv2][body] POST https://cloudresourcemanager.googleapis.com/v1/projects {"projectId":"customerList","name":"customerList"}
[debug] [2023-04-08T10:39:17.080Z] <<< [apiv2][status] POST https://cloudresourcemanager.googleapis.com/v1/projects 400
[debug] [2023-04-08T10:39:17.081Z] <<< [apiv2][body] POST https://cloudresourcemanager.googleapis.com/v1/projects {"error":{"code":400,"message":"field [project_id] has issue [project_id contains invalid characters]","status":"INVALID_ARGUMENT","details":[{"@type":"type.googleapis.com/google.rpc.BadRequest","fieldViolations":[{"field":"project_id","description":"project_id contains invalid characters"}]},{"@type":"type.googleapis.com/google.rpc.Help","links":[{"url":"https://cloud.google.com/resource-manager/reference/rest/v1/projects"}]}]}}
[debug] [2023-04-08T10:39:17.244Z] FirebaseError: HTTP Error: 400, field [project_id] has issue [project_id contains invalid characters]
    at responseToError (C:\Users\1\AppData\Roaming\npm\node_modules\firebase-tools\lib\responseToError.js:49:12)
    at RetryOperation._fn (C:\Users\1\AppData\Roaming\npm\node_modules\firebase-tools\lib\apiv2.js:288:77)
    at processTicksAndRejections (node:internal/process/task_queues:96:5)
[error] 
[error] Error: Failed to create project. See firebase-debug.log for more info.
[debug] [2023-04-08T10:39:27.351Z] ----------------------------------------------------------------------
[debug] [2023-04-08T10:39:27.353Z] Command:       C:\Program Files\nodejs\node.exe C:\Users\1\AppData\Roaming\npm\node_modules\firebase-tools\lib\bin\firebase.js init hosting
[debug] [2023-04-08T10:39:27.354Z] CLI Version:   11.25.3
[debug] [2023-04-08T10:39:27.354Z] Platform:      win32
[debug] [2023-04-08T10:39:27.354Z] Node Version:  v16.13.2
[debug] [2023-04-08T10:39:27.356Z] Time:          Sat Apr 08 2023 12:39:27 GMT+0200 (Central European Summer Time)
[debug] [2023-04-08T10:39:27.356Z] ----------------------------------------------------------------------
[debug] 
[debug] [2023-04-08T10:39:27.369Z] > command requires scopes: ["email","openid","https://www.googleapis.com/auth/cloudplatformprojects.readonly","https://www.googleapis.com/auth/firebase","https://www.googleapis.com/auth/cloud-platform"]
[debug] [2023-04-08T10:39:27.370Z] > authorizing via signed-in user (vadymkiiashko@gmail.com)
[info] 
     ######## #### ########  ######## ########     ###     ######  ########
     ##        ##  ##     ## ##       ##     ##  ##   ##  ##       ##
     ######    ##  ########  ######   ########  #########  ######  ######
     ##        ##  ##    ##  ##       ##     ## ##     ##       ## ##
     ##       #### ##     ## ######## ########  ##     ##  ######  ########

You're about to initialize a Firebase project in this directory:

  C:\Users\1\Documents\VS\angular\customerGrid

[info] 
=== Project Setup
[info] 
[info] First, let's associate this project directory with a Firebase project.
[info] You can create multiple project aliases by running firebase use --add, 
[info] but for now we'll just set up a default project.
[info] 
[info] i  If you want to create a project in a Google Cloud organization or folder, please use "firebase projects:create" instead, and return to this command when you've created the project. 
[debug] [2023-04-08T10:39:49.273Z] >>> [apiv2][query] POST https://cloudresourcemanager.googleapis.com/v1/projects [none]
[debug] [2023-04-08T10:39:49.273Z] >>> [apiv2][body] POST https://cloudresourcemanager.googleapis.com/v1/projects {"projectId":"customerproject","name":"customer_list"}
[debug] [2023-04-08T10:39:50.126Z] <<< [apiv2][status] POST https://cloudresourcemanager.googleapis.com/v1/projects 400
[debug] [2023-04-08T10:39:50.127Z] <<< [apiv2][body] POST https://cloudresourcemanager.googleapis.com/v1/projects {"error":{"code":400,"message":"field [display_name] has issue [project display name contains invalid characters]","status":"INVALID_ARGUMENT","details":[{"@type":"type.googleapis.com/google.rpc.BadRequest","fieldViolations":[{"field":"display_name","description":"project display name contains invalid characters"}]},{"@type":"type.googleapis.com/google.rpc.Help","links":[{"url":"https://cloud.google.com/resource-manager/reference/rest/v1/projects"}]}]}}
[debug] [2023-04-08T10:39:50.275Z] FirebaseError: HTTP Error: 400, field [display_name] has issue [project display name contains invalid characters]
    at responseToError (C:\Users\1\AppData\Roaming\npm\node_modules\firebase-tools\lib\responseToError.js:49:12)
    at RetryOperation._fn (C:\Users\1\AppData\Roaming\npm\node_modules\firebase-tools\lib\apiv2.js:288:77)
    at processTicksAndRejections (node:internal/process/task_queues:96:5)
[error] 
[error] Error: Failed to create project. See firebase-debug.log for more info.
[debug] [2023-04-08T12:02:51.339Z] ----------------------------------------------------------------------
[debug] [2023-04-08T12:02:51.342Z] Command:       C:\Program Files\nodejs\node.exe C:\Users\1\AppData\Roaming\npm\node_modules\firebase-tools\lib\bin\firebase.js init hosting
[debug] [2023-04-08T12:02:51.343Z] CLI Version:   11.25.3
[debug] [2023-04-08T12:02:51.343Z] Platform:      win32
[debug] [2023-04-08T12:02:51.343Z] Node Version:  v16.13.2
[debug] [2023-04-08T12:02:51.345Z] Time:          Sat Apr 08 2023 14:02:51 GMT+0200 (Central European Summer Time)
[debug] [2023-04-08T12:02:51.345Z] ----------------------------------------------------------------------
[debug] 
[debug] [2023-04-08T12:02:51.359Z] > command requires scopes: ["email","openid","https://www.googleapis.com/auth/cloudplatformprojects.readonly","https://www.googleapis.com/auth/firebase","https://www.googleapis.com/auth/cloud-platform"]
[debug] [2023-04-08T12:02:51.360Z] > authorizing via signed-in user (vadymkiiashko@gmail.com)
[info] 
     ######## #### ########  ######## ########     ###     ######  ########
     ##        ##  ##     ## ##       ##     ##  ##   ##  ##       ##
     ######    ##  ########  ######   ########  #########  ######  ######
     ##        ##  ##    ##  ##       ##     ## ##     ##       ## ##
     ##       #### ##     ## ######## ########  ##     ##  ######  ########

You're about to initialize a Firebase project in this directory:

  C:\Users\1\Documents\VS\angular\customerGrid

[info] 
=== Project Setup
[info] 
[info] First, let's associate this project directory with a Firebase project.
[info] You can create multiple project aliases by running firebase use --add, 
[info] but for now we'll just set up a default project.
[info] 
[debug] [2023-04-08T12:03:01.215Z] > refreshing access token with scopes: []
[debug] [2023-04-08T12:03:01.219Z] >>> [apiv2][query] POST https://www.googleapis.com/oauth2/v3/token [none]
[debug] [2023-04-08T12:03:01.219Z] >>> [apiv2][body] POST https://www.googleapis.com/oauth2/v3/token [omitted]
[debug] [2023-04-08T12:03:01.585Z] <<< [apiv2][status] POST https://www.googleapis.com/oauth2/v3/token 200
[debug] [2023-04-08T12:03:01.585Z] <<< [apiv2][body] POST https://www.googleapis.com/oauth2/v3/token [omitted]
[debug] [2023-04-08T12:03:01.603Z] >>> [apiv2][query] GET https://firebase.googleapis.com/v1beta1/projects pageSize=100
[debug] [2023-04-08T12:03:02.187Z] <<< [apiv2][status] GET https://firebase.googleapis.com/v1beta1/projects 200
[debug] [2023-04-08T12:03:02.188Z] <<< [apiv2][body] GET https://firebase.googleapis.com/v1beta1/projects [omitted]
[info] i  Using project clientslist-f5b13 (clientsLIst) 
[info] 
=== Hosting Setup
[info] 
[info] Your public directory is the folder (relative to your project directory) that
[info] will contain Hosting assets to be uploaded with firebase deploy. If you
[info] have a build process for your assets, use your build's output directory.
[info] 
[info] +  Wrote public/404.html 
[debug] [2023-04-08T12:03:39.441Z] >>> [apiv2][query] GET https://www.gstatic.com/firebasejs/releases.json [none]
[debug] [2023-04-08T12:03:39.577Z] <<< [apiv2][status] GET https://www.gstatic.com/firebasejs/releases.json 200
[debug] [2023-04-08T12:03:39.577Z] <<< [apiv2][body] GET https://www.gstatic.com/firebasejs/releases.json {"current":{"version":"9.19.1","browserURL":"https://www.gstatic.com/firebasejs/9.19.1/firebase.js","packageURL":"https://www.gstatic.com/firebasejs/9.19.1/firebase.tgz"},"live":{"version":"9.19","browserURL":"https://www.gstatic.com/firebasejs/live/9.19/firebase.js","packageURL":"https://www.gstatic.com/firebasejs/live/9.19/firebase.tgz"},"components":{"analytics":"https://www.gstatic.com/firebasejs/9.19.1/firebase-analytics.js","app":"https://www.gstatic.com/firebasejs/9.19.1/firebase-app.js","app-check":"https://www.gstatic.com/firebasejs/9.19.1/firebase-app-check.js","auth":"https://www.gstatic.com/firebasejs/9.19.1/firebase-auth.js","auth/cordova":"https://www.gstatic.com/firebasejs/9.19.1/firebase-auth/cordova.js","auth/react-native":"https://www.gstatic.com/firebasejs/9.19.1/firebase-auth/react-native.js","functions":"https://www.gstatic.com/firebasejs/9.19.1/firebase-functions.js","firestore":"https://www.gstatic.com/firebasejs/9.19.1/firebase-firestore.js","firestore/lite":"https://www.gstatic.com/firebasejs/9.19.1/firebase-firestore/lite.js","installations":"https://www.gstatic.com/firebasejs/9.19.1/firebase-installations.js","storage":"https://www.gstatic.com/firebasejs/9.19.1/firebase-storage.js","performance":"https://www.gstatic.com/firebasejs/9.19.1/firebase-performance.js","remote-config":"https://www.gstatic.com/firebasejs/9.19.1/firebase-remote-config.js","messaging":"https://www.gstatic.com/firebasejs/9.19.1/firebase-messaging.js","messaging/sw":"https://www.gstatic.com/firebasejs/9.19.1/firebase-messaging/sw.js","database":"https://www.gstatic.com/firebasejs/9.19.1/firebase-database.js","firestore.memory":"https://www.gstatic.com/firebasejs/9.19.1/firebase-firestore.memory.js"}}
[info] +  Wrote public/index.html 
[info] 
[info] i  Detected a .git folder at C:\Users\1\Documents\VS\angular\customerGrid 
[info] i  Authorizing with GitHub to upload your service account to a GitHub repository's secrets store. 
[info] 
[info] Visit this URL on this device to log in:
[info] https://github.com/login/oauth/authorize?client_id=89cf50f02ac6aaed3484&state=220577652&redirect_uri=http%3A%2F%2Flocalhost%3A9005&scope=read%3Auser%20repo%20public_repo
[info] 
[info] Waiting for authentication...
[debug] [2023-04-08T12:03:52.407Z] >>> [apiv2][query] POST https://github.com/login/oauth/access_token [none]
[debug] [2023-04-08T12:03:52.408Z] >>> [apiv2][body] POST https://github.com/login/oauth/access_token [stream]
[debug] [2023-04-08T12:03:52.824Z] <<< [apiv2][status] POST https://github.com/login/oauth/access_token 200
[debug] [2023-04-08T12:03:52.824Z] <<< [apiv2][body] POST https://github.com/login/oauth/access_token {"access_token":"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","token_type":"bearer","scope":"read:user,repo"}
[debug] [2023-04-08T12:03:52.843Z] >>> [apiv2][query] GET https://api.github.com/user [none]
[debug] [2023-04-08T12:03:53.167Z] <<< [apiv2][status] GET https://api.github.com/user 200
[debug] [2023-04-08T12:03:53.168Z] <<< [apiv2][body] GET https://api.github.com/user {"login":"vadymkiiashko","id":32328763,"node_id":"MDQ6VXNlcjMyMzI4NzYz","avatar_url":"https://avatars.githubusercontent.com/u/32328763?v=4","gravatar_id":"","url":"https://api.github.com/users/vadymkiiashko","html_url":"https://github.com/vadymkiiashko","followers_url":"https://api.github.com/users/vadymkiiashko/followers","following_url":"https://api.github.com/users/vadymkiiashko/following{/other_user}","gists_url":"https://api.github.com/users/vadymkiiashko/gists{/gist_id}","starred_url":"https://api.github.com/users/vadymkiiashko/starred{/owner}{/repo}","subscriptions_url":"https://api.github.com/users/vadymkiiashko/subscriptions","organizations_url":"https://api.github.com/users/vadymkiiashko/orgs","repos_url":"https://api.github.com/users/vadymkiiashko/repos","events_url":"https://api.github.com/users/vadymkiiashko/events{/privacy}","received_events_url":"https://api.github.com/users/vadymkiiashko/received_events","type":"User","site_admin":false,"name":"Vadym Kiiashko","company":null,"blog":"","location":null,"email":null,"hireable":null,"bio":null,"twitter_username":null,"public_repos":14,"public_gists":0,"followers":0,"following":2,"created_at":"2017-09-27T10:54:35Z","updated_at":"2023-04-08T12:03:44Z","private_gists":1,"total_private_repos":23,"owned_private_repos":23,"disk_usage":131299,"collaborators":0,"two_factor_authentication":false,"plan":{"name":"free","space":976562499,"collaborators":0,"private_repos":10000}}
[info] 
[info] +  Success! Logged into GitHub as vadymkiiashko 
[info] 
[debug] [2023-04-08T12:05:14.850Z] >>> [apiv2][query] GET https://api.github.com/repos/vadymkiiashko/clientlist.git/actions/secrets/public-key type=owner
[debug] [2023-04-08T12:05:15.129Z] <<< [apiv2][status] GET https://api.github.com/repos/vadymkiiashko/clientlist.git/actions/secrets/public-key 404
[debug] [2023-04-08T12:05:15.130Z] <<< [apiv2][body] GET https://api.github.com/repos/vadymkiiashko/clientlist.git/actions/secrets/public-key {"message":"Not Found","documentation_url":"https://docs.github.com/rest/reference/actions#get-a-repository-public-key"}
[info] 
[info] 
[error] !  The provided authorization cannot be used with this repository. If this repository is in an organization, did you remember to grant access? 
[info] 
[info] i  Action required: Visit this URL to ensure access has been granted to the appropriate organization(s) for the Firebase CLI GitHub OAuth App: 
[info] https://github.com/settings/connections/applications/89cf50f02ac6aaed3484
[info] 
[debug] [2023-04-08T12:05:19.932Z] >>> [apiv2][query] GET https://api.github.com/repos/vadymkiiashko/clientlist.git/actions/secrets/public-key type=owner
[debug] [2023-04-08T12:05:20.181Z] <<< [apiv2][status] GET https://api.github.com/repos/vadymkiiashko/clientlist.git/actions/secrets/public-key 404
[debug] [2023-04-08T12:05:20.182Z] <<< [apiv2][body] GET https://api.github.com/repos/vadymkiiashko/clientlist.git/actions/secrets/public-key {"message":"Not Found","documentation_url":"https://docs.github.com/rest/reference/actions#get-a-repository-public-key"}
[info] 
[info] 
[error] !  The provided authorization cannot be used with this repository. If this repository is in an organization, did you remember to grant access? 
[info] 
[info] i  Action required: Visit this URL to ensure access has been granted to the appropriate organization(s) for the Firebase CLI GitHub OAuth App: 
[info] https://github.com/settings/connections/applications/89cf50f02ac6aaed3484
[info] 
[debug] [2023-04-08T12:05:47.688Z] >>> [apiv2][query] GET https://api.github.com/repos/vadymkiiashko/clientlist.git/actions/secrets/public-key type=owner
[debug] [2023-04-08T12:05:47.976Z] <<< [apiv2][status] GET https://api.github.com/repos/vadymkiiashko/clientlist.git/actions/secrets/public-key 404
[debug] [2023-04-08T12:05:47.977Z] <<< [apiv2][body] GET https://api.github.com/repos/vadymkiiashko/clientlist.git/actions/secrets/public-key {"message":"Not Found","documentation_url":"https://docs.github.com/rest/reference/actions#get-a-repository-public-key"}
[info] 
[info] 
[error] !  The provided authorization cannot be used with this repository. If this repository is in an organization, did you remember to grant access? 
[info] 
[info] i  Action required: Visit this URL to ensure access has been granted to the appropriate organization(s) for the Firebase CLI GitHub OAuth App: 
[info] https://github.com/settings/connections/applications/89cf50f02ac6aaed3484
[info] 
[debug] [2023-04-08T12:05:57.110Z] >>> [apiv2][query] GET https://api.github.com/repos/vadymkiiashko/clientlist.git/actions/secrets/public-key type=owner
[debug] [2023-04-08T12:05:57.368Z] <<< [apiv2][status] GET https://api.github.com/repos/vadymkiiashko/clientlist.git/actions/secrets/public-key 404
[debug] [2023-04-08T12:05:57.368Z] <<< [apiv2][body] GET https://api.github.com/repos/vadymkiiashko/clientlist.git/actions/secrets/public-key {"message":"Not Found","documentation_url":"https://docs.github.com/rest/reference/actions#get-a-repository-public-key"}
[info] 
[info] 
[error] !  The provided authorization cannot be used with this repository. If this repository is in an organization, did you remember to grant access? 
[info] 
[info] i  Action required: Visit this URL to ensure access has been granted to the appropriate organization(s) for the Firebase CLI GitHub OAuth App: 
[info] https://github.com/settings/connections/applications/89cf50f02ac6aaed3484
[info] 
[debug] [2023-04-08T12:06:18.003Z] >>> [apiv2][query] GET https://api.github.com/repos/vadymkiiashko/clientslist.git/actions/secrets/public-key type=owner
[debug] [2023-04-08T12:06:18.254Z] <<< [apiv2][status] GET https://api.github.com/repos/vadymkiiashko/clientslist.git/actions/secrets/public-key 404
[debug] [2023-04-08T12:06:18.255Z] <<< [apiv2][body] GET https://api.github.com/repos/vadymkiiashko/clientslist.git/actions/secrets/public-key {"message":"Not Found","documentation_url":"https://docs.github.com/rest/reference/actions#get-a-repository-public-key"}
[info] 
[info] 
[error] !  The provided authorization cannot be used with this repository. If this repository is in an organization, did you remember to grant access? 
[info] 
[info] i  Action required: Visit this URL to ensure access has been granted to the appropriate organization(s) for the Firebase CLI GitHub OAuth App: 
[info] https://github.com/settings/connections/applications/89cf50f02ac6aaed3484
[info] 
[debug] [2023-04-08T12:06:32.913Z] >>> [apiv2][query] GET https://api.github.com/repos/vadymkiiashko/clientlist.git/actions/secrets/public-key type=owner
[debug] [2023-04-08T12:06:33.151Z] <<< [apiv2][status] GET https://api.github.com/repos/vadymkiiashko/clientlist.git/actions/secrets/public-key 404
[debug] [2023-04-08T12:06:33.151Z] <<< [apiv2][body] GET https://api.github.com/repos/vadymkiiashko/clientlist.git/actions/secrets/public-key {"message":"Not Found","documentation_url":"https://docs.github.com/rest/reference/actions#get-a-repository-public-key"}
[info] 
[info] 
[error] !  The provided authorization cannot be used with this repository. If this repository is in an organization, did you remember to grant access? 
[info] 
[info] i  Action required: Visit this URL to ensure access has been granted to the appropriate organization(s) for the Firebase CLI GitHub OAuth App: 
[info] https://github.com/settings/connections/applications/89cf50f02ac6aaed3484
[info] 
